c:\users\selene\documents\github\myshop-xml-tools\source\sql to xml\output\vc143.pdb
c:\users\selene\documents\github\myshop-xml-tools\source\sql to xml\output\main.obj
c:\users\selene\documents\github\myshop-xml-tools\source\sql to xml\output\helper.obj
c:\users\selene\documents\github\myshop-xml-tools\source\sql to xml\output\gui.obj
c:\users\selene\documents\github\myshop-xml-tools\source\sql to xml\output\imgui_widgets.obj
c:\users\selene\documents\github\myshop-xml-tools\source\sql to xml\output\imgui_tables.obj
c:\users\selene\documents\github\myshop-xml-tools\source\sql to xml\output\imgui_draw.obj
c:\users\selene\documents\github\myshop-xml-tools\source\sql to xml\output\imgui.obj
c:\users\selene\documents\github\myshop-xml-tools\source\sql to xml\output\imgui_impl_win32.obj
c:\users\selene\documents\github\myshop-xml-tools\source\sql to xml\output\imgui_impl_dx9.obj
c:\users\selene\documents\github\myshop-xml-tools\output\sql to xml.exe
c:\users\selene\documents\github\myshop-xml-tools\output\sql to xml.pdb
c:\users\selene\documents\github\myshop-xml-tools\source\sql to xml\output\sql to xml.res
c:\users\selene\documents\github\myshop-xml-tools\source\sql to xml\output\sql to xml.ipdb
c:\users\selene\documents\github\myshop-xml-tools\source\sql to xml\output\sql to xml.iobj
c:\users\selene\documents\github\myshop-xml-tools\source\sql to xml\output\sql to xml.tlog\cl.command.1.tlog
c:\users\selene\documents\github\myshop-xml-tools\source\sql to xml\output\sql to xml.tlog\cl.items.tlog
c:\users\selene\documents\github\myshop-xml-tools\source\sql to xml\output\sql to xml.tlog\cl.read.1.tlog
c:\users\selene\documents\github\myshop-xml-tools\source\sql to xml\output\sql to xml.tlog\cl.write.1.tlog
c:\users\selene\documents\github\myshop-xml-tools\source\sql to xml\output\sql to xml.tlog\link.command.1.tlog
c:\users\selene\documents\github\myshop-xml-tools\source\sql to xml\output\sql to xml.tlog\link.read.1.tlog
c:\users\selene\documents\github\myshop-xml-tools\source\sql to xml\output\sql to xml.tlog\link.secondary.1.tlog
c:\users\selene\documents\github\myshop-xml-tools\source\sql to xml\output\sql to xml.tlog\link.write.1.tlog
c:\users\selene\documents\github\myshop-xml-tools\source\sql to xml\output\sql to xml.tlog\rc.command.1.tlog
c:\users\selene\documents\github\myshop-xml-tools\source\sql to xml\output\sql to xml.tlog\rc.read.1.tlog
c:\users\selene\documents\github\myshop-xml-tools\source\sql to xml\output\sql to xml.tlog\rc.write.1.tlog
