C:\Program Files\Microsoft Visual Studio\2022\Community\MSBuild\Microsoft\VC\v170\Microsoft.CppBuild.targets(538,5): warning MSB8028: O diretório intermediário (Output\) contém arquivos compartilhados de outro projeto (XML to SQL.vcxproj). Isso pode levar a um comportamento incorreto de limpeza e recompilação.
  imgui_impl_dx9.cpp
  imgui_impl_win32.cpp
  imgui.cpp
  imgui_draw.cpp
  imgui_tables.cpp
  imgui_widgets.cpp
  Gui.cpp
  Helper.cpp
  Main.cpp
  Gerando código
  Previous IPDB not found, fall back to full compilation.
  All 2634 functions were compiled because no usable IPDB/IOBJ from previous compilation was found.
  Finalizada a geração de código
mimalloc.lib(alloc-aligned.obj) : warning LNK4099: PDB 'mimalloc-lib.pdb' não foi encontrado 'mimalloc.lib(alloc-aligned.obj)' ou no 'C:\Users\Selene\Documents\GitHub\Myshop-XML-Tools\Output\mimalloc-lib.pdb'; vinculando objeto quando quando sem nenhuma informação de depuração
mimalloc.lib(alloc.obj) : warning LNK4099: PDB 'mimalloc-lib.pdb' não foi encontrado 'mimalloc.lib(alloc.obj)' ou no 'C:\Users\Selene\Documents\GitHub\Myshop-XML-Tools\Output\mimalloc-lib.pdb'; vinculando objeto quando quando sem nenhuma informação de depuração
mimalloc.lib(arena.obj) : warning LNK4099: PDB 'mimalloc-lib.pdb' não foi encontrado 'mimalloc.lib(arena.obj)' ou no 'C:\Users\Selene\Documents\GitHub\Myshop-XML-Tools\Output\mimalloc-lib.pdb'; vinculando objeto quando quando sem nenhuma informação de depuração
mimalloc.lib(bitmap.obj) : warning LNK4099: PDB 'mimalloc-lib.pdb' não foi encontrado 'mimalloc.lib(bitmap.obj)' ou no 'C:\Users\Selene\Documents\GitHub\Myshop-XML-Tools\Output\mimalloc-lib.pdb'; vinculando objeto quando quando sem nenhuma informação de depuração
mimalloc.lib(heap.obj) : warning LNK4099: PDB 'mimalloc-lib.pdb' não foi encontrado 'mimalloc.lib(heap.obj)' ou no 'C:\Users\Selene\Documents\GitHub\Myshop-XML-Tools\Output\mimalloc-lib.pdb'; vinculando objeto quando quando sem nenhuma informação de depuração
mimalloc.lib(init.obj) : warning LNK4099: PDB 'mimalloc-lib.pdb' não foi encontrado 'mimalloc.lib(init.obj)' ou no 'C:\Users\Selene\Documents\GitHub\Myshop-XML-Tools\Output\mimalloc-lib.pdb'; vinculando objeto quando quando sem nenhuma informação de depuração
mimalloc.lib(libc.obj) : warning LNK4099: PDB 'mimalloc-lib.pdb' não foi encontrado 'mimalloc.lib(libc.obj)' ou no 'C:\Users\Selene\Documents\GitHub\Myshop-XML-Tools\Output\mimalloc-lib.pdb'; vinculando objeto quando quando sem nenhuma informação de depuração
mimalloc.lib(prim.obj) : warning LNK4099: PDB 'mimalloc-lib.pdb' não foi encontrado 'mimalloc.lib(prim.obj)' ou no 'C:\Users\Selene\Documents\GitHub\Myshop-XML-Tools\Output\mimalloc-lib.pdb'; vinculando objeto quando quando sem nenhuma informação de depuração
mimalloc.lib(options.obj) : warning LNK4099: PDB 'mimalloc-lib.pdb' não foi encontrado 'mimalloc.lib(options.obj)' ou no 'C:\Users\Selene\Documents\GitHub\Myshop-XML-Tools\Output\mimalloc-lib.pdb'; vinculando objeto quando quando sem nenhuma informação de depuração
mimalloc.lib(page.obj) : warning LNK4099: PDB 'mimalloc-lib.pdb' não foi encontrado 'mimalloc.lib(page.obj)' ou no 'C:\Users\Selene\Documents\GitHub\Myshop-XML-Tools\Output\mimalloc-lib.pdb'; vinculando objeto quando quando sem nenhuma informação de depuração
mimalloc.lib(random.obj) : warning LNK4099: PDB 'mimalloc-lib.pdb' não foi encontrado 'mimalloc.lib(random.obj)' ou no 'C:\Users\Selene\Documents\GitHub\Myshop-XML-Tools\Output\mimalloc-lib.pdb'; vinculando objeto quando quando sem nenhuma informação de depuração
mimalloc.lib(segment-map.obj) : warning LNK4099: PDB 'mimalloc-lib.pdb' não foi encontrado 'mimalloc.lib(segment-map.obj)' ou no 'C:\Users\Selene\Documents\GitHub\Myshop-XML-Tools\Output\mimalloc-lib.pdb'; vinculando objeto quando quando sem nenhuma informação de depuração
mimalloc.lib(segment.obj) : warning LNK4099: PDB 'mimalloc-lib.pdb' não foi encontrado 'mimalloc.lib(segment.obj)' ou no 'C:\Users\Selene\Documents\GitHub\Myshop-XML-Tools\Output\mimalloc-lib.pdb'; vinculando objeto quando quando sem nenhuma informação de depuração
mimalloc.lib(os.obj) : warning LNK4099: PDB 'mimalloc-lib.pdb' não foi encontrado 'mimalloc.lib(os.obj)' ou no 'C:\Users\Selene\Documents\GitHub\Myshop-XML-Tools\Output\mimalloc-lib.pdb'; vinculando objeto quando quando sem nenhuma informação de depuração
mimalloc.lib(stats.obj) : warning LNK4099: PDB 'mimalloc-lib.pdb' não foi encontrado 'mimalloc.lib(stats.obj)' ou no 'C:\Users\Selene\Documents\GitHub\Myshop-XML-Tools\Output\mimalloc-lib.pdb'; vinculando objeto quando quando sem nenhuma informação de depuração
  SQL to XML.vcxproj -> C:\Users\Selene\Documents\GitHub\Myshop-XML-Tools\Output\SQL to XML.exe
