c:\users\selene\desktop\myshop-xml-sql\source\xml to sql\output\vc143.pdb
c:\users\selene\desktop\myshop-xml-sql\source\xml to sql\output\main.obj
c:\users\selene\desktop\myshop-xml-sql\source\xml to sql\output\helper.obj
c:\users\selene\desktop\myshop-xml-sql\source\xml to sql\output\gui.obj
c:\users\selene\desktop\myshop-xml-sql\source\xml to sql\output\imgui_widgets.obj
c:\users\selene\desktop\myshop-xml-sql\source\xml to sql\output\imgui_tables.obj
c:\users\selene\desktop\myshop-xml-sql\source\xml to sql\output\imgui_draw.obj
c:\users\selene\desktop\myshop-xml-sql\source\xml to sql\output\imgui.obj
c:\users\selene\desktop\myshop-xml-sql\source\xml to sql\output\imgui_impl_win32.obj
c:\users\selene\desktop\myshop-xml-sql\source\xml to sql\output\imgui_impl_dx9.obj
c:\users\selene\desktop\myshop-xml-sql\output\xml to sql.exe
c:\users\selene\desktop\myshop-xml-sql\output\xml to sql.pdb
c:\users\selene\desktop\myshop-xml-sql\source\xml to sql\output\xml to sql.res
c:\users\selene\desktop\myshop-xml-sql\source\xml to sql\output\xml to sql.ipdb
c:\users\selene\desktop\myshop-xml-sql\source\xml to sql\output\xml to sql.iobj
c:\users\selene\desktop\myshop-xml-sql\source\xml to sql\output\xml to sql.tlog\cl.command.1.tlog
c:\users\selene\desktop\myshop-xml-sql\source\xml to sql\output\xml to sql.tlog\cl.items.tlog
c:\users\selene\desktop\myshop-xml-sql\source\xml to sql\output\xml to sql.tlog\cl.read.1.tlog
c:\users\selene\desktop\myshop-xml-sql\source\xml to sql\output\xml to sql.tlog\cl.write.1.tlog
c:\users\selene\desktop\myshop-xml-sql\source\xml to sql\output\xml to sql.tlog\link.command.1.tlog
c:\users\selene\desktop\myshop-xml-sql\source\xml to sql\output\xml to sql.tlog\link.read.1.tlog
c:\users\selene\desktop\myshop-xml-sql\source\xml to sql\output\xml to sql.tlog\link.secondary.1.tlog
c:\users\selene\desktop\myshop-xml-sql\source\xml to sql\output\xml to sql.tlog\link.write.1.tlog
c:\users\selene\desktop\myshop-xml-sql\source\xml to sql\output\xml to sql.tlog\rc.command.1.tlog
c:\users\selene\desktop\myshop-xml-sql\source\xml to sql\output\xml to sql.tlog\rc.read.1.tlog
c:\users\selene\desktop\myshop-xml-sql\source\xml to sql\output\xml to sql.tlog\rc.write.1.tlog
